# JRE version: Java(TM) SE Runtime Environment (17.0.9+11) (build 17.0.9+11-LTS-201)
# Java VM: Java HotSpot(TM) 64-Bit Server VM (17.0.9+11-LTS-201, mixed mode, emulated-client, sharing, tiered, compressed oops, compressed class ptrs, g1 gc, windows-amd64)
GC Precious Log:
 CPUs: 8 total, 8 available
 Memory: 7979M
 Large Page Support: Disabled
 NUMA Support: Disabled
 Compressed Oops: Enabled (32-bit)
 Heap Region Size: 1M
 Heap Min Capacity: 8M
 Heap Initial Capacity: 126M
 Heap Max Capacity: 1996M
 Pre-touch: Disabled
 Parallel Workers: 8
 Concurrent Workers: 2
 Concurrent Refinement Workers: 8
 Periodic GC: Disabled
Heap:
 garbage-first heap   total 75776K, used 40677K [0x0000000083400000, 0x0000000100000000)
  region size 1024K, 19 young (19456K), 1 survivors (1024K)
 Metaspace       used 47499K, committed 48000K, reserved 1114112K
  class space    used 6781K, committed 7040K, reserved 1048576K
GC Heap History (20 events):
Event: 1.483 GC heap before
{Heap before GC invocations=3 (full 0):
 garbage-first heap   total 129024K, used 13129K [0x0000000083400000, 0x0000000100000000)
  region size 1024K, 7 young (7168K), 6 survivors (6144K)
 Metaspace       used 21237K, committed 21504K, reserved 1114112K
  class space    used 2933K, committed 3072K, reserved 1048576K
}
Event: 1.487 GC heap after
{Heap after GC invocations=4 (full 0):
 garbage-first heap   total 129024K, used 13594K [0x0000000083400000, 0x0000000100000000)
  region size 1024K, 5 young (5120K), 5 survivors (5120K)
 Metaspace       used 21237K, committed 21504K, reserved 1114112K
  class space    used 2933K, committed 3072K, reserved 1048576K
}
Event: 1.755 GC heap before
{Heap before GC invocations=5 (full 0):
 garbage-first heap   total 55296K, used 41242K [0x0000000083400000, 0x0000000100000000)
  region size 1024K, 33 young (33792K), 5 survivors (5120K)
 Metaspace       used 23676K, committed 24000K, reserved 1114112K
  class space    used 3323K, committed 3456K, reserved 1048576K
}
Event: 1.759 GC heap after
{Heap after GC invocations=6 (full 0):
 garbage-first heap   total 55296K, used 15319K [0x0000000083400000, 0x0000000100000000)
  region size 1024K, 7 young (7168K), 7 survivors (7168K)
 Metaspace       used 23676K, committed 24000K, reserved 1114112K
  class space    used 3323K, committed 3456K, reserved 1048576K
}
Event: 1.770 GC heap before
{Heap before GC invocations=6 (full 0):
 garbage-first heap   total 55296K, used 16343K [0x0000000083400000, 0x0000000100000000)
  region size 1024K, 8 young (8192K), 7 survivors (7168K)
 Metaspace       used 23789K, committed 24128K, reserved 1114112K
  class space    used 3339K, committed 3520K, reserved 1048576K
}
Event: 1.773 GC heap after
{Heap after GC invocations=7 (full 0):
 garbage-first heap   total 55296K, used 15929K [0x0000000083400000, 0x0000000100000000)
  region size 1024K, 1 young (1024K), 1 survivors (1024K)
 Metaspace       used 23789K, committed 24128K, reserved 1114112K
  class space    used 3339K, committed 3520K, reserved 1048576K
}
Event: 1.983 GC heap before
{Heap before GC invocations=7 (full 0):
 garbage-first heap   total 55296K, used 36409K [0x0000000083400000, 0x0000000100000000)
  region size 1024K, 22 young (22528K), 1 survivors (1024K)
 Metaspace       used 26216K, committed 26560K, reserved 1114112K
  class space    used 3679K, committed 3840K, reserved 1048576K
}
Event: 1.985 GC heap after
{Heap after GC invocations=8 (full 0):
 garbage-first heap   total 55296K, used 16335K [0x0000000083400000, 0x0000000100000000)
  region size 1024K, 2 young (2048K), 2 survivors (2048K)
 Metaspace       used 26216K, committed 26560K, reserved 1114112K
  class space    used 3679K, committed 3840K, reserved 1048576K
}
Event: 2.247 GC heap before
{Heap before GC invocations=8 (full 0):
 garbage-first heap   total 55296K, used 38863K [0x0000000083400000, 0x0000000100000000)
  region size 1024K, 24 young (24576K), 2 survivors (2048K)
 Metaspace       used 29220K, committed 29760K, reserved 1114112K
  class space    used 4153K, committed 4416K, reserved 1048576K
}
Event: 2.250 GC heap after
{Heap after GC invocations=9 (full 0):
 garbage-first heap   total 55296K, used 18217K [0x0000000083400000, 0x0000000100000000)
  region size 1024K, 3 young (3072K), 3 survivors (3072K)
 Metaspace       used 29220K, committed 29760K, reserved 1114112K
  class space    used 4153K, committed 4416K, reserved 1048576K
}
Event: 2.452 GC heap before
{Heap before GC invocations=9 (full 0):
 garbage-first heap   total 55296K, used 39721K [0x0000000083400000, 0x0000000100000000)
  region size 1024K, 24 young (24576K), 3 survivors (3072K)
 Metaspace       used 32064K, committed 32512K, reserved 1114112K
  class space    used 4523K, committed 4736K, reserved 1048576K
}
Event: 2.456 GC heap after
{Heap after GC invocations=10 (full 0):
 garbage-first heap   total 55296K, used 19955K [0x0000000083400000, 0x0000000100000000)
  region size 1024K, 2 young (2048K), 2 survivors (2048K)
 Metaspace       used 32064K, committed 32512K, reserved 1114112K
  class space    used 4523K, committed 4736K, reserved 1048576K
}
Event: 2.688 GC heap before
{Heap before GC invocations=10 (full 0):
 garbage-first heap   total 55296K, used 41459K [0x0000000083400000, 0x0000000100000000)
  region size 1024K, 23 young (23552K), 2 survivors (2048K)
 Metaspace       used 35780K, committed 36288K, reserved 1114112K
  class space    used 5074K, committed 5312K, reserved 1048576K
}
Event: 2.691 GC heap after
{Heap after GC invocations=11 (full 0):
 garbage-first heap   total 98304K, used 20660K [0x0000000083400000, 0x0000000100000000)
  region size 1024K, 3 young (3072K), 3 survivors (3072K)
 Metaspace       used 35780K, committed 36288K, reserved 1114112K
  class space    used 5074K, committed 5312K, reserved 1048576K
}
Event: 2.693 GC heap before
{Heap before GC invocations=11 (full 0):
 garbage-first heap   total 98304K, used 20660K [0x0000000083400000, 0x0000000100000000)
  region size 1024K, 4 young (4096K), 3 survivors (3072K)
 Metaspace       used 35798K, committed 36288K, reserved 1114112K
  class space    used 5078K, committed 5312K, reserved 1048576K
}
Event: 2.694 GC heap after
{Heap after GC invocations=12 (full 0):
 garbage-first heap   total 98304K, used 20742K [0x0000000083400000, 0x0000000100000000)
  region size 1024K, 3 young (3072K), 3 survivors (3072K)
 Metaspace       used 35798K, committed 36288K, reserved 1114112K
  class space    used 5078K, committed 5312K, reserved 1048576K
}
Event: 3.390 GC heap before
{Heap before GC invocations=13 (full 0):
 garbage-first heap   total 75776K, used 61702K [0x0000000083400000, 0x0000000100000000)
  region size 1024K, 44 young (45056K), 3 survivors (3072K)
 Metaspace       used 45035K, committed 45568K, reserved 1114112K
  class space    used 6351K, committed 6592K, reserved 1048576K
}
Event: 3.393 GC heap after
{Heap after GC invocations=14 (full 0):
 garbage-first heap   total 75776K, used 22782K [0x0000000083400000, 0x0000000100000000)
  region size 1024K, 5 young (5120K), 5 survivors (5120K)
 Metaspace       used 45035K, committed 45568K, reserved 1114112K
  class space    used 6351K, committed 6592K, reserved 1048576K
}
Event: 3.411 GC heap before
{Heap before GC invocations=14 (full 0):
 garbage-first heap   total 75776K, used 23806K [0x0000000083400000, 0x0000000100000000)
  region size 1024K, 6 young (6144K), 5 survivors (5120K)
 Metaspace       used 45563K, committed 46080K, reserved 1114112K
  class space    used 6422K, committed 6656K, reserved 1048576K
}
Event: 3.414 GC heap after
{Heap after GC invocations=15 (full 0):
 garbage-first heap   total 75776K, used 23269K [0x0000000083400000, 0x0000000100000000)
  region size 1024K, 1 young (1024K), 1 survivors (1024K)
 Metaspace       used 45563K, committed 46080K, reserved 1114112K
  class space    used 6422K, committed 6656K, reserved 1048576K
}

